
> five-star-guide@0.1.0 build
> next build

⚠ Warning: Next.js inferred your workspace root, but it may not be correct.
 We detected multiple lockfiles and selected the directory of C:\Users\roryu\package-lock.json as the root directory.
 To silence this warning, set `turbopack.root` in your Next.js config, or consider removing one of the lockfiles if it's not needed.
   See https://nextjs.org/docs/app/api-reference/config/next-config-js/turbopack#root-directory for more information.
 Detected additional lockfiles: 
   * C:\Users\roryu\five-star-guide\package-lock.json

▲ Next.js 16.2.1 (Turbopack)
- Environments: .env

⚠ The "middleware" file convention is deprecated. Please use "proxy" instead. Learn more: https://nextjs.org/docs/messages/middleware-to-proxy
  Creating an optimized production build ...
✓ Compiled successfully in 8.0s
  Running TypeScript ...
Failed to type check.

.next/types/validator.ts:180:31
Type error: Type 'typeof import("C:/Users/roryu/five-star-guide/src/app/api/clients/[id]/route")' does not satisfy the constraint 'RouteHandlerConfig<"/api/clients/[id]">'.
  Types of property 'GET' are incompatible.
    Type '(_req: NextRequest, { params }: { params: { id: string; }; }) => Promise<NextResponse<any>>' is not assignable to type '(request: NextRequest, context: { params: Promise<{ id: string; }>; }) => void | Response | Promise<void | Response>'.
      Types of parameters '__1' and 'context' are incompatible.
        Type '{ params: Promise<{ id: string; }>; }' is not assignable to type '{ params: { id: string; }; }'.
          Types of property 'params' are incompatible.
            Property 'id' is missing in type 'Promise<{ id: string; }>' but required in type '{ id: string; }'.

  [90m178 |[0m   [36mtype[0m __IsExpected<[33mSpecific[0m [36mextends[0m [33mRouteHandlerConfig[0m<[32m"/api/clients/[id]"[0m>> = [33mSpecific[0m
  [90m179 |[0m   [36mconst[0m handler = {} [36mas[0m [36mtypeof[0m [36mimport[0m([32m"../../src/app/api/clients/[id]/route.js"[0m)
[31m[1m>[0m [90m180 |[0m   [36mtype[0m __Check = __IsExpected<[36mtypeof[0m handler>
  [90m    |[0m                               [31m[1m^[0m
  [90m181 |[0m   [90m// @ts-ignore[0m
  [90m182 |[0m   [36mtype[0m __Unused = __Check
  [90m183 |[0m }
Next.js build worker exited with code: 1 and signal: null
